[debug] [2024-12-03T09:23:03.463Z] ----------------------------------------------------------------------
[debug] [2024-12-03T09:23:03.469Z] Command:       /data/data/com.termux/files/usr/bin/node /data/data/com.termux/files/usr/bin/firebase deploy
[debug] [2024-12-03T09:23:03.470Z] CLI Version:   13.27.0
[debug] [2024-12-03T09:23:03.471Z] Platform:      android
[debug] [2024-12-03T09:23:03.471Z] Node Version:  v22.8.0
[debug] [2024-12-03T09:23:03.473Z] Time:          Tue Dec 03 2024 14:53:03 GMT+0530 (India Standard Time)
[debug] [2024-12-03T09:23:03.473Z] ----------------------------------------------------------------------
[debug] 
[debug] [2024-12-03T09:23:03.651Z] > command requires scopes: ["email","openid","https://www.googleapis.com/auth/cloudplatformprojects.readonly","https://www.googleapis.com/auth/firebase","https://www.googleapis.com/auth/cloud-platform"]
[debug] [2024-12-03T09:23:03.652Z] > authorizing via signed-in user (asadkirmani619@gmail.com)
[debug] [2024-12-03T09:23:03.653Z] [iam] checking project decimalzero-bb754 for permissions ["firebase.projects.get","firebasehosting.sites.update"]
[debug] [2024-12-03T09:23:03.656Z] Checked if tokens are valid: true, expires at: 1733221273489
[debug] [2024-12-03T09:23:03.657Z] Checked if tokens are valid: true, expires at: 1733221273489
[debug] [2024-12-03T09:23:03.659Z] >>> [apiv2][query] POST https://cloudresourcemanager.googleapis.com/v1/projects/decimalzero-bb754:testIamPermissions [none]
[debug] [2024-12-03T09:23:03.659Z] >>> [apiv2][(partial)header] POST https://cloudresourcemanager.googleapis.com/v1/projects/decimalzero-bb754:testIamPermissions x-goog-quota-user=projects/decimalzero-bb754
[debug] [2024-12-03T09:23:03.660Z] >>> [apiv2][body] POST https://cloudresourcemanager.googleapis.com/v1/projects/decimalzero-bb754:testIamPermissions {"permissions":["firebase.projects.get","firebasehosting.sites.update"]}
[debug] [2024-12-03T09:23:05.994Z] <<< [apiv2][status] POST https://cloudresourcemanager.googleapis.com/v1/projects/decimalzero-bb754:testIamPermissions 200
[debug] [2024-12-03T09:23:05.995Z] <<< [apiv2][body] POST https://cloudresourcemanager.googleapis.com/v1/projects/decimalzero-bb754:testIamPermissions {"permissions":["firebase.projects.get","firebasehosting.sites.update"]}
[debug] [2024-12-03T09:23:05.996Z] Checked if tokens are valid: true, expires at: 1733221273489
[debug] [2024-12-03T09:23:05.997Z] Checked if tokens are valid: true, expires at: 1733221273489
[debug] [2024-12-03T09:23:05.998Z] >>> [apiv2][query] GET https://firebase.googleapis.com/v1beta1/projects/decimalzero-bb754 [none]
[debug] [2024-12-03T09:23:07.448Z] <<< [apiv2][status] GET https://firebase.googleapis.com/v1beta1/projects/decimalzero-bb754 200
[debug] [2024-12-03T09:23:07.448Z] <<< [apiv2][body] GET https://firebase.googleapis.com/v1beta1/projects/decimalzero-bb754 {"projectId":"decimalzero-bb754","projectNumber":"820266766734","displayName":"DecimalZero","name":"projects/decimalzero-bb754","resources":{"hostingSite":"decimalzero-bb754"},"state":"ACTIVE","etag":"1_081c886b-bc2e-4921-9ef8-61abde5b84fd"}
[info] 
   Thank you for trying our early preview of Next.js support on Firebase Hosting.
   During the preview, support is best-effort and breaking changes can be expected. Proceed with caution.

   Documentation: https://firebase.google.com/docs/hosting/frameworks/nextjs
   File a bug: https://github.com/firebase/firebase-tools/issues/new?template=bug_report.md
   Submit a feature request: https://github.com/firebase/firebase-tools/issues/new?template=feature_request.md

   We'd love to learn from you. Express your interest in helping us shape the future of Firebase Hosting: https://goo.gle/41enW5X

[debug] [2024-12-03T09:23:51.054Z] Checked if tokens are valid: true, expires at: 1733221273489
[debug] [2024-12-03T09:23:51.055Z] Checked if tokens are valid: true, expires at: 1733221273489
[debug] [2024-12-03T09:23:51.056Z] >>> [apiv2][query] GET https://firebasehosting.googleapis.com/v1beta1/projects/decimalzero-bb754/sites/decimalzero-bb754 [none]
[debug] [2024-12-03T09:23:52.777Z] <<< [apiv2][status] GET https://firebasehosting.googleapis.com/v1beta1/projects/decimalzero-bb754/sites/decimalzero-bb754 200
[debug] [2024-12-03T09:23:52.777Z] <<< [apiv2][body] GET https://firebasehosting.googleapis.com/v1beta1/projects/decimalzero-bb754/sites/decimalzero-bb754 {"name":"projects/decimalzero-bb754/sites/decimalzero-bb754","defaultUrl":"https://decimalzero-bb754.web.app","type":"DEFAULT_SITE"}
[info]    ▲ Next.js 15.0.3

[info]    - Environments: .env.local


[info]    Linting and checking validity of types ...

[info] 
./src/pages/_app.tsx
8:1  Warning: Delete `↹`  prettier/prettier
9:1  Warning: Delete `↹··`  prettier/prettier
11:1  Warning: Delete `↹····`  prettier/prettier
12:1  Warning: Delete `↹↹······`  prettier/prettier
13:1  Warning: Delete `↹↹↹↹··`  prettier/prettier
15:1  Warning: Delete `↹↹↹↹↹`  prettier/prettier
16:1  Warning: Replace `↹↹↹↹↹··············` with `········`  prettier/prettier
17:1  Warning: Delete `↹↹↹↹↹↹······`  prettier/prettier
18:1  Warning: Delete `↹↹↹↹↹↹↹↹······`  prettier/prettier
19:1  Warning: Delete `↹↹↹↹↹↹↹↹↹↹`  prettier/prettier
20:1  Warning: Delete `↹↹↹↹↹↹↹↹↹↹↹↹··`  prettier/prettier
21:1  Warning: Delete `↹↹↹↹↹↹↹↹↹↹↹↹↹······`  prettier/prettier
22:1  Warning: Delete `↹↹↹↹↹↹↹↹↹↹↹↹↹↹↹`  prettier/prettier
23:1  Warning: Delete `↹↹↹↹↹↹↹↹↹↹↹↹↹↹↹↹`  prettier/prettier
24:1  Warning: Delete `↹↹↹↹↹↹↹↹↹↹↹↹↹↹↹↹↹`  prettier/prettier
25:1  Warning: Delete `↹↹↹↹↹↹↹↹↹↹↹↹↹↹↹↹↹····`  prettier/prettier
27:1  Warning: Delete `↹↹↹↹↹↹↹↹↹↹↹↹↹↹↹↹↹······`  prettier/prettier
28:1  Warning: Delete `↹↹↹↹↹↹↹↹↹↹↹↹↹↹↹↹↹↹↹`  prettier/prettier
29:1  Warning: Delete `↹↹↹↹↹↹↹↹↹↹↹↹↹↹↹↹↹↹↹····`  prettier/prettier
31:1  Warning: Delete `↹↹↹↹↹↹↹↹↹↹↹↹↹↹↹↹↹↹↹······`  prettier/prettier

./src/pages/_document.tsx
4:1  Warning: Delete `⏎`  prettier/prettier

./src/pages/index.tsx
6:1  Warning: Delete `↹`  prettier/prettier
10:1  Warning: Delete `↹`  prettier/prettier
11:1  Warning: Delete `↹↹··`  prettier/prettier
12:1  Warning: Replace `↹↹············` with `······`  prettier/prettier
13:1  Warning: Delete `↹↹↹····`  prettier/prettier
14:1  Warning: Delete `↹↹↹↹····`  prettier/prettier
15:1  Warning: Delete `↹↹↹↹↹····`  prettier/prettier
17:1  Warning: Delete `↹↹↹↹↹↹··`  prettier/prettier
18:1  Warning: Delete `↹↹↹↹↹↹↹`  prettier/prettier
19:1  Warning: Delete `↹↹↹↹↹↹↹↹`  prettier/prettier
20:1  Warning: Delete `↹↹↹↹↹↹↹↹↹↹··`  prettier/prettier
21:1  Warning: Delete `↹↹↹↹↹↹↹↹↹··`  prettier/prettier
22:1  Warning: Delete `↹↹↹↹↹↹↹↹↹↹··`  prettier/prettier
24:1  Warning: Delete `↹↹↹↹↹↹↹↹↹↹↹`  prettier/prettier
25:1  Warning: Delete `↹↹↹↹↹↹↹↹↹↹↹······`  prettier/prettier
26:1  Warning: Replace `↹↹↹↹↹↹↹↹↹↹↹↹················` with `··········`  prettier/prettier
27:1  Warning: Delete `↹↹↹↹↹↹↹↹↹↹↹↹↹↹`  prettier/prettier
28:1  Warning: Delete `↹↹↹↹↹↹↹↹↹↹↹↹↹↹↹··`  prettier/prettier
29:1  Warning: Delete `↹↹↹↹↹↹↹↹↹↹↹↹↹↹↹↹····`  prettier/prettier
30:1  Warning: Delete `↹↹↹↹↹↹↹↹↹↹↹↹↹↹↹↹↹······`  prettier/prettier
31:1  Warning: Delete `↹↹↹↹↹↹↹↹↹↹↹↹↹↹↹↹↹↹↹`  prettier/prettier
32:1  Warning: Delete `↹↹↹↹↹↹↹↹↹↹↹↹↹↹↹↹↹↹↹↹··`  prettier/prettier
33:1  Warning: Delete `↹↹↹↹↹↹↹↹↹↹↹↹↹↹↹↹↹↹↹↹↹····`  prettier/prettier
34:1  Warning: Delete `↹↹↹↹↹↹↹↹↹↹↹↹↹↹↹↹↹↹↹↹↹↹····`  prettier/prettier
35:1  Warning: Delete `↹↹↹↹↹↹↹↹↹↹↹↹↹↹↹↹↹↹↹↹↹↹↹··`  prettier/prettier
36:1  Warning: Delete `↹↹↹↹↹↹↹↹↹↹↹↹↹↹↹↹↹↹↹↹↹↹↹······`  prettier/prettier

info  - Need to disable some ESLint rules? Learn more here: https://nextjs.org/docs/app/building-your-application/configuring/eslint#disabling-rules

[info]    Creating an optimized production build ...

[info] <w> [webpack.cache.PackFileCacheStrategy] Caching failed for pack: Error: Unable to snapshot resolve dependencies

[info] <w> [webpack.cache.PackFileCacheStrategy] Caching failed for pack: Error: Unable to snapshot resolve dependencies

[info] <w> [webpack.cache.PackFileCacheStrategy] Caching failed for pack: Error: Unable to snapshot resolve dependencies

[info]  ✓ Compiled successfully
   Collecting page data ...

[info]    Generating static pages (0/3) ...

[info]  ✓ Generating static pages (3/3)

[info]    Finalizing page optimization ...

[info]    Collecting build traces ...

[info] 

[info] Route (pages)                              Size     First Load JS
┌ ○ / (584 ms)                             1.16 kB         100 kB
├   /_app                                  0 B            99.2 kB
├ ○ /404                                   190 B          99.4 kB
└ ƒ /api/validate-hash                     0 B            99.2 kB
+ First Load JS shared by all              101 kB
  ├ chunks/framework-b9b9d8d474cff408.js   44.8 kB
  ├ chunks/main-d67001d8c06cb02e.js        33.1 kB
  ├ chunks/pages/_app-097731b51c5bdbd8.js  20.5 kB
  └ other shared chunks (total)            2.67 kB

[info] 

[info] ○  (Static)   prerendered as static content
ƒ  (Dynamic)  server-rendered on demand


[info] Building a Cloud Function to run this application. This is needed due to:
[info]  • non-static route /api/validate-hash
[info] 
